{"message":"Started listening on port 3000","level":"info"}
{"id":"cc25cc42-1fcb-4334-9e91-e9417bfcd9a9","author":"totoro","text":"bu","level":"info","message":"Created message"}
{"id":"751592f4-cddc-4937-9d8d-bb3cd428b574","author":"psich","text":"hello","level":"info","message":"Created message"}
{"id":"83cdbfa9-d952-494a-a87b-4543f9d83add","author":"","text":"","level":"info","message":"Created message"}
{"id":"9f49a28c-1bfd-4a9a-8eff-89570512bb56","author":"fgf","text":"fg","level":"info","message":"Created message"}
{"id":"4d2df5a9-21b5-4a69-a159-4c3bae8bf773","level":"info","message":"Created message"}
{"id":"2f5627d9-d6c5-4640-b190-17810479f224","level":"info","message":"Created message"}
{"id":"6a1e8599-db1b-4967-85e6-b8b5bf1d7776","author":"totoro","text":"nnnn","level":"info","message":"Created message"}
{"id":"13e63c41-3a22-4cc0-9286-752332673b47","author":"mm","text":"mm","level":"info","message":"Created message"}
{"id":"816fcbaf-8572-46fa-9f8f-d25e1958cebe","author":"mm","text":"mm","level":"info","message":"Created message"}
{"id":"94894499-a1e8-4d33-8730-cfb1bf09276c","author":"mm","text":"mm","level":"info","message":"Created message"}
{"id":"9577c8ad-9427-4229-bd7a-8893ab48f9be","level":"info","message":"Created message"}
{"id":"3463955d-0788-4330-840b-32100d24dca0","author":"c","text":"c","level":"info","message":"Created message"}
{"id":"5e2e2b07-ae93-42bf-aff9-56ae405aca25","author":"c","text":"c","level":"info","message":"Created message"}
{"id":"7be63f03-76b1-4e0e-babe-eb397d2fe4c7","author":"c","text":"c","level":"info","message":"Created message"}
{"id":"ef8ee208-3529-455c-b53d-58b04b77b1a4","author":"ccc","text":"ccc","level":"info","message":"Created message"}
{"id":"349caa26-98af-4d37-b9b1-24bfd738b8a8","author":"ccc","text":"ccc","level":"info","message":"Created message"}
{"id":"c591049e-40b6-4d91-98e7-3baa89ae524a","author":"ccc","text":"ccc","level":"info","message":"Created message"}
{"id":"cf5d6d6e-722e-47af-ae7f-a89d44beb127","author":"ccc","text":"ccc","level":"info","message":"Created message"}
{"id":"b20af11b-a138-4d56-a05c-1439f7653612","author":"ccc","text":"ccc","level":"info","message":"Created message"}
{"id":"71b18948-c532-4532-af2e-d0a56779464d","level":"info","message":"Created message"}
{"id":"055e29c0-8179-4786-828b-d5f788adbfff","level":"info","message":"Created message"}
{"id":"9d5145a4-abc7-4baa-ae0a-75b07ef37313","login":"totoro","password":"12345","level":"info","message":"Created message"}
{"id":"f30894e0-b8c4-4459-b1b5-637c94f23ebe","login":"totoro","password":"12345","level":"info","message":"Created message"}
{"id":"f7a2e8cd-1dd7-4c6b-880f-04b3b5a43b2c","author":"totoro","text":"gjgh","level":"info","message":"Created message"}
{"id":"c21a2e9f-6f2b-446e-8c1d-22f133184c3c","author":"fgf","text":"k,","level":"info","message":"Created message"}
{"id":"2f66b6dd-1e40-4e08-89ae-f18b93373569","author":"fgf","text":"k,","level":"info","message":"Created message"}
{"id":"07553db3-2277-4e3b-9556-d82c39945136","author":"fgf","text":"k,","level":"info","message":"Created message"}
{"id":"fdaebcc0-06ce-48d3-8875-5c38acfa9f00","author":"fgf","text":"k,","level":"info","message":"Created message"}
{"id":"b35cb9d3-1e86-4cc0-bcc8-092f2226cc81","author":"fgf","text":"k,","level":"info","message":"Created message"}
{"id":"8726eacd-92db-4f31-baa5-680c27d7f8df","author":"fgf","text":"k,","level":"info","message":"Created message"}
{"id":"d3a5b03c-ea9a-49e5-95d6-5bfcf1aee8fc","login":"totoro","password":"","level":"info","message":"Created message"}
{"id":"cc041938-145f-4f5b-834a-3f2650230939","author":"mm","text":"m","level":"info","message":"Created message"}
{"id":"dd951543-3dc1-46c7-b27e-f6faf34e2bc2","login":"","password":"","level":"info","message":"Created message"}
{"id":"a9efa787-2110-4db2-8cbf-2cee424e6eda","author":"totorok","text":"k","level":"info","message":"Created message"}
{"id":"5402a26e-91d6-470c-9ad4-f3861cd438cd","author":"totorok","text":"k","level":"info","message":"Created message"}
{"id":"36257327-8f73-4984-811a-8d48cbebc1d8","author":"totorok","text":"k","level":"info","message":"Created message"}
{"id":"525bba68-9ee4-40f6-8317-b1e204f3bfce","author":"totorok","text":"k99","level":"info","message":"Created message"}
{"id":"02adc716-e0d0-47cd-a5a3-3e72cb71a1a9","author":"totorok","text":"k99","level":"info","message":"Created message"}
{"id":"40fea94b-e6b6-48fe-87a2-26009ebc71ec","author":"totorok","text":"k99","level":"info","message":"Created message"}
{"id":"04537af5-213b-4c87-8305-2c976b870df1","author":"totorok","text":"k99","level":"info","message":"Created message"}
{"id":"24f9e96e-7c81-4ac1-b0c1-641eeb23ea7d","author":"totorok","text":"k99","level":"info","message":"Created message"}
{"id":"1ab280f5-6ff5-4dca-81cf-eab66b4705d1","author":"totorok","text":"k99","level":"info","message":"Created message"}
{"id":"e5b5d1ac-8988-4014-9da4-8d219f17ea6b","author":"totorok","text":"k99","level":"info","message":"Created message"}
{"id":"0fb74c83-7537-4d8c-be43-4c1482cd46c0","author":"totoro","text":" mmm","level":"info","message":"Created message"}
{"id":"29fe065c-612b-42cf-9e9f-7e189f8abedc","author":"totoro","text":" mmm","level":"info","message":"Created message"}
{"message":"Started listening on port 3000","level":"info"}
{"id":"ffa6d7e3-06d7-4cce-8daf-83ee9e6637f7","login":"totoro","password":"jkhk","level":"info","message":"Created message"}
{"id":"5e875433-9bcb-48f8-8fb3-63d840aef29a","author":"kk","text":"kk","level":"info","message":"Created message"}
{"id":"b09ff411-f71e-4810-a826-337d460f9458","author":"kk","text":"kk","level":"info","message":"Created message"}
{"id":"1e12909f-62ec-4e6e-b64d-49d85fcb868f","author":"k","text":"k","level":"info","message":"Created message"}
{"id":"ebe8a7b6-8f0b-4072-a261-411e1e2b52ed","author":"k","text":"k","level":"info","message":"Created message"}
{"id":"63ad10e6-fb5b-4b2b-b5b4-c8ba146e8712","author":"k","text":"k","level":"info","message":"Created message"}
{"id":"51cdfa6e-a3e7-4a11-b8e2-eb7fc6feafa9","author":"k","text":"k","level":"info","message":"Created message"}
{"id":"6480abd9-087d-424d-9373-829a9b484f55","author":"k","text":"k","level":"info","message":"Created message"}
{"id":"9e8c7d1b-6e2e-4f6a-a78f-ba1d106fcee8","author":"k","text":"k","level":"info","message":"Created message"}
{"id":"191e0347-0c9c-4c2a-95ce-e1132c6eed8c","author":"k","text":"k","level":"info","message":"Created message"}
{"id":"889f5a51-0ffd-4471-b650-7a9ec9d5b1e3","author":"k","text":"k","level":"info","message":"Created message"}
{"id":"d8c95116-ea08-4eba-ac9b-6b772e70323b","author":"k","text":"k","level":"info","message":"Created message"}
{"id":"ad1b4402-a4c2-4a39-a669-41564be06f09","author":"kj","text":"6786","level":"info","message":"Created message"}
{"id":"8228a9ef-ec40-4705-8866-7878c5f49dd9","login":"totoro","password":"mn,n","level":"info","message":"Created message"}
{"id":"3b4a2487-97bc-4800-b4a0-3105f0325ed6","author":"l","text":"l","level":"info","message":"Created message"}
{"id":"3507be12-9525-427c-b086-e553e06f240a","author":"l","text":"l","level":"info","message":"Created message"}
{"id":"490ea2f3-f036-4e71-ad10-0f4d1d51f31d","author":"l","text":"l","level":"info","message":"Created message"}
{"id":"340d7112-6bc1-477e-b317-b9ac2d3059c8","author":"l","text":"l","level":"info","message":"Created message"}
{"id":"8a6d4ba6-26cf-4570-b5ea-22ba629f710e","author":"l","text":"l","level":"info","message":"Created message"}
{"id":"dd6c9a56-1e73-4eae-b924-b50f4722c017","author":"","text":"","level":"info","message":"Created message"}
{"id":"58116f19-af71-4064-9ab1-ecbed6b3f2dc","login":"totoro","password":"","level":"info","message":"Created message"}
{"id":"21bbd839-cdb9-413e-a941-581605737565","author":"v","text":"v","level":"info","message":"Created message"}
{"id":"c55e7b3a-b2e8-410a-af9a-524b3c9ede13","login":"v","password":"","level":"info","message":"Created message"}
{"id":"e94592ce-ace3-4100-b072-0b34d55ce692","author":"/","text":"/","level":"info","message":"Created message"}
{"message":"Started listening on port 3000","level":"info"}
{"id":"b95c8bed-ae98-4c4a-b130-cbf83244a0ae","author":"thyf","text":"","level":"info","message":"Created message"}
{"id":"6fa5cbc1-fe66-464a-a6ed-a7fc8e02f6e4","author":"thyf","text":"fg","level":"info","message":"Created message"}
{"message":"Started listening on port 3000","level":"info"}
{"id":"549b6298-4c3d-450f-b6ac-f10086b4b034","author":"с","text":"мм","level":"info","message":"Created message"}
{"id":"edf2ad64-05d5-4d46-bf15-f2f90a7c76d8","login":"чс","password":"сс","level":"info","message":"Created message"}
{"message":"Started listening on port 3000","level":"info"}
{"id":"6416b97d-f706-4c2f-b367-1b777c63d509","author":"с","text":"с","level":"info","message":"Created message"}
{"id":"3c70ecd4-69eb-4d04-8492-026c899daaa2","author":"с","text":"с","level":"info","message":"Created message"}
{"id":"c4f04af7-5701-483d-afe9-5c938de68392","author":"с","text":"с","level":"info","message":"Created message"}
{"id":"1681550c-5d89-46e0-9770-2568bcf550f6","author":"с","text":"с","level":"info","message":"Created message"}
{"id":"d44807e7-6235-4197-82c5-0eab8029f06e","author":"с","text":"с","level":"info","message":"Created message"}
{"id":"5c63c56f-4223-4a2a-b1bc-a4bb822e8a9a","author":"с","text":"с","level":"info","message":"Created message"}
{"message":"Started listening on port 3000","level":"info"}
{"id":"8c302a6d-fbf6-4a37-8f7d-c166e9838ff0","login":"totoroо","password":"ооо","level":"info","message":"Created message"}
{"message":"Started listening on port 3000","level":"info"}
{"id":"f38b26a9-2881-4597-babe-67fb6ef7570c","author":"бб","text":"ббб","level":"info","message":"Created message"}
{"message":"Started listening on port 3000","level":"info"}
{"id":"cdea3500-53d7-4d73-af1a-06799e102695","login":"totoro","password":"д","level":"info","message":"Created message"}
{"id":"a2892d15-c760-4158-b43c-0b6f46c609d2","author":"totoro","text":"лл","level":"info","message":"Created message"}
{"id":"3c5e58bc-2526-49db-be35-1a4eca9a3a24","author":"totoro","text":"лл","level":"info","message":"Created message"}
{"id":"3e1e94a0-c498-4194-88cd-5aa85a5b14f8","author":"totoro","text":"лл","level":"info","message":"Created message"}
{"id":"6760ec03-1152-4982-b58d-e9e6619773e9","author":"totoro","text":"лл","level":"info","message":"Created message"}
{"id":"120e46e6-1f1a-473e-9a18-bbc4d4217251","author":"totoro","text":"лл","level":"info","message":"Created message"}
{"id":"e216e1a6-7692-48b9-8dbc-3a14e23be0d6","author":"totoro","text":"лл","level":"info","message":"Created message"}
{"message":"Started listening on port 3000","level":"info"}
{"message":"Started listening on port 3000","level":"info"}
{"id":"0ce055a8-299a-43e3-adfd-b70acefdeb2d","text":"xcxx","level":"info","message":"Created message"}
{"id":"4f9ec2bc-563e-49f0-a3fb-a2dcc186de1a","text":"xcxx","level":"info","message":"Created message"}
{"id":"6c99b9fd-39ac-4ac5-9235-74d27a327d8f","text":"xcxx","level":"info","message":"Created message"}
{"id":"ffe73d65-5a49-4ca7-894d-3cf7be077265","text":"xcxx","level":"info","message":"Created message"}
{"id":"e3827be9-aca2-4ec9-a689-2db836815eb7","text":"xcxx","level":"info","message":"Created message"}
{"id":"4b631c33-3f79-49d2-9ef1-6161ab751791","text":"xcxx","level":"info","message":"Created message"}
{"id":"d017b858-2249-420d-8fbe-7b9380e8f767","text":"xcxx","level":"info","message":"Created message"}
{"id":"4be1382e-1008-4971-915a-ff5e5d3334c2","text":"xcxx","level":"info","message":"Created message"}
{"message":"Started listening on port 3000","level":"info"}
{"id":"799b7937-bd81-46a0-83fa-d8b91046f0e6","text":"jjj","level":"info","message":"Created message"}
{"message":"Started listening on port 3000","level":"info"}
{"id":"47987b6c-d8fd-49b9-a74c-d2bfc7b96a4b","author":"чч","text":"чч","level":"info","message":"Created message"}
{"id":"9770737d-b6f5-4161-86e7-c46c009d279a","author":"чч","text":"чч","level":"info","message":"Created message"}
{"id":"6d694ab9-105b-4191-96de-b9f0832bb22f","author":"чч","text":"чч","level":"info","message":"Created message"}
{"id":"b6c0af5d-4017-42cf-ad02-4561157e462d","author":"чч","text":"чч","level":"info","message":"Created message"}
{"id":"9002fd7b-64ab-4fec-9b40-e5ae1698dcb6","author":"чч","text":"чч","level":"info","message":"Created message"}
{"id":"85061625-1a7c-45fe-8c48-384ff0a80828","author":"чч","text":"чч","level":"info","message":"Created message"}
{"id":"250b47ce-a0ee-4b55-8e10-4b4534c38579","author":"чч","text":"чч","level":"info","message":"Created message"}
{"id":"96e5cf47-f6ef-4ec1-9f74-f6f8feadbab1","author":"чч","text":"чч","level":"info","message":"Created message"}
{"id":"4d948b21-38c2-48ab-8ec3-30d0feca2a87","text":"","level":"info","message":"Created message"}
{"message":"Started listening on port 3000","level":"info"}
{"message":"Started listening on port 3000","level":"info"}
{"message":"Started listening on port 3000","level":"info"}
{"message":"Started listening on port 3000","level":"info"}
{"message":"Started listening on port 3000","level":"info"}
{"message":"Started listening on port 3000","level":"info"}
{"message":"Started listening on port 3000","level":"info"}
{"message":"Started listening on port 3000","level":"info"}
{"message":"Started listening on port 3000","level":"info"}
{"message":"Started listening on port 3000","level":"info"}
{"message":"Started listening on port 3000","level":"info"}
{"message":"Started listening on port 3000","level":"info"}
{"message":"Started listening on port 3000","level":"info"}
{"message":"Started listening on port 3000","level":"info"}
{"message":"Started listening on port 3000","level":"info"}
{"id":"464419c4-73d7-4f85-9b1d-acf71ac69ae6","login":"vfd","password":"dfd","level":"info","message":"Created message"}
{"message":"Started listening on port 3000","level":"info"}
{"id":"734b0ac7-43af-48d0-9670-fd7eee3bc7d9","login":"cc","password":"cc","level":"info","message":"Created user"}
{"message":"Started listening on port 3000","level":"info"}
{"message":"Started listening on port 3000","level":"info"}
{"message":"Started listening on port 3000","level":"info"}
{"message":"Started listening on port 3000","level":"info"}
{"message":"Started listening on port 3000","level":"info"}
{"message":"Started listening on port 3000","level":"info"}
{"message":"Started listening on port 3000","level":"info"}
{"message":"Started listening on port 3000","level":"info"}
{"id":"2b9af898-df8b-49aa-a1e2-ef32364a1268","login":"cc","password":"cc","level":"info","message":"Created user"}
{"message":"Started listening on port 3000","level":"info"}
{"id":"36988a97-ebb0-41c9-b0d5-dd744542b7d8","login":"cc","password":"cc","level":"info","message":"Created user"}
{"id":"26977578-5b82-40be-bd81-d872ee2cfe91","login":"cc","password":"cc","level":"info","message":"Created user"}
{"id":"0bf31373-da20-4fed-ba34-bbf1d1c52df8","login":"ddd","password":"ddd","level":"info","message":"Created user"}
{"id":"b51afaf9-8c92-4838-8987-aa003ee060b8","author":"xx","text":"xx","level":"info","message":"Created message"}
{"id":"729690ff-cfca-46bf-8085-39f2af1863b8","author":"xx","text":"xx","level":"info","message":"Created message"}
{"id":"19e8be34-bc97-46f8-8fb8-dc7e35c204a8","author":"xx","text":"xx","level":"info","message":"Created message"}
{"id":"ac7fa7df-0e2d-4b54-b8fe-749e3f28ef41","author":"xx","text":"xx","level":"info","message":"Created message"}
{"id":"d9b59444-72f5-4d71-a391-5b52b8a425dc","login":"","password":"","level":"info","message":"Created user"}
{"id":"96d23042-ddad-4e15-8137-4d60dc6bb2bc","login":"","password":"","level":"info","message":"Created user"}
{"id":"08d89822-f8a6-46d3-a6b5-b287c78c03a1","login":"","password":"","level":"info","message":"Created user"}
{"id":"d5dd41c5-770f-4796-9b1c-cf16cda483c9","login":"xxx","password":"xxxxx","level":"info","message":"Created user"}
{"message":"Started listening on port 3000","level":"info"}
{"id":"f611979a-37b7-4761-854f-6b1b734323bd","login":"xxx","password":"xxxxx","level":"info","message":"Created user"}
{"id":"33d2dc09-586e-423a-9dde-421706d566c5","login":"xxx","password":"xxx","level":"info","message":"Created user"}
{"id":"6afcdabf-2fef-4440-845e-513920aa7dd7","author":"xx","text":"xxx","level":"info","message":"Created message"}
{"id":"fb8bacef-854c-4338-831a-30e2f15b128f","author":"xx","text":"xxx","level":"info","message":"Created message"}
{"message":"Started listening on port 3000","level":"info"}
{"id":"49320268-1097-4fed-b51e-cbb90da2a1c8","login":"cccc","password":"cc","level":"info","message":"Created user"}
{"id":"5d78e9d4-82d9-40f7-9376-fa99a61170c0","login":"cc","password":"cccc","level":"info","message":"Created user"}
{"id":"ac2cac8d-de09-467a-a0fd-225e6a601b8f","login":"cc","password":"cccc","level":"info","message":"Created user"}
{"message":"Started listening on port 3000","level":"info"}
{"message":"Started listening on port 3000","level":"info"}
{"message":"Started listening on port 3000","level":"info"}
{"message":"Started listening on port 3000","level":"info"}
{"message":"Started listening on port 3000","level":"info"}
{"message":"Started listening on port 3000","level":"info"}
{"message":"Started listening on port 3000","level":"info"}
{"message":"Started listening on port 3000","level":"info"}
{"message":"Started listening on port 3000","level":"info"}
{"message":"Started listening on port 3000","level":"info"}
{"message":"Started listening on port 3000","level":"info"}
{"id":"2153ae33-e959-4193-9a9c-e7a0f772bca1","author":"ccc","text":"cccc","level":"info","message":"Created message"}
{"id":"41b3db8a-1387-40c2-b941-6e12f73be694","author":"ccc","text":"cccc","level":"info","message":"Created message"}
{"id":"479dcb17-c9c7-4307-a8a8-8d11f3c4c7e9","author":"ccc","text":"cccc","level":"info","message":"Created message"}
{"id":"6de47f26-60ff-48e1-a651-d9e70af1a7b6","author":"ccc","text":"cccc","level":"info","message":"Created message"}
{"id":"f716ba05-3b4e-4043-a685-41a92ee2f7e1","author":"ccc","text":"cccc","level":"info","message":"Created message"}
{"id":"98816408-04a4-40e7-b68c-9700f34a7e85","author":"ccc","text":"cccc","level":"info","message":"Created message"}
{"id":"cd4e4ee2-4b80-4973-8cd7-4718f7fcea24","author":"ccc","text":"cccc","level":"info","message":"Created message"}
{"id":"4f404e46-0b0e-4a88-8b7e-f78554b9bf1b","author":"ccc","text":"cccc","level":"info","message":"Created message"}
{"id":"ebe382c0-3abf-483d-860c-c6b65fa88862","author":"ccc","text":"cccc","level":"info","message":"Created message"}
{"id":"798919a9-4a57-4d08-b637-92968d0653ba","login":"xx","password":"xxx","level":"info","message":"Created message"}
{"message":"Started listening on port 3000","level":"info"}
{"id":"7ac19589-2b64-4478-a2b3-a36d1c25c5e9","login":"xxx","password":"xxx","level":"info","message":"Created message"}
{"message":"Started listening on port 3000","level":"info"}
{"id":"36b26245-85f5-48a3-9e56-80125a7494b1","login":"cc","password":"cc","level":"info","message":"Created message"}
{"message":"Started listening on port 3000","level":"info"}
{"id":"6b89ffc3-19c1-4219-9f24-87d88947d4d9","login":"xxx","password":"xxx","level":"info","message":"Created user"}
{"message":"Started listening on port 3000","level":"info"}
{"id":"da005153-6051-4e6b-a4c3-2ac5ffc3fccc","login":"cccc","password":"ccc","level":"info","message":"Created user"}
{"message":"Started listening on port 3000","level":"info"}
{"id":"b0428234-2b80-463d-a0c0-7fe332dd74b0","login":"xcc","password":"ccc","level":"info","message":"Created user"}
{"message":"Started listening on port 3000","level":"info"}
{"id":"e61fa927-1343-4499-aae1-f0362aefaf21","login":"xcc","password":"xxx","level":"info","message":"Created user"}
{"id":"2a648401-5fa6-4b54-aba4-18153b5c3d19","login":"xcc","password":"xzzczc","level":"info","message":"Created user"}
{"id":"c9c44f09-73dc-4445-bcc3-7e0e3fc0963e","text":"ccxx","level":"info","message":"Created message"}
{"id":"f32a0b02-acbd-4291-b073-0e7810d69fe1","text":"ccxx","level":"info","message":"Created message"}
{"id":"b1bc2df1-52c7-4eaa-9336-3381fcedd60a","author":"xxc","text":"xx","level":"info","message":"Created message"}
{"id":"34583898-91f4-4427-ada0-792b448c74a3","author":"xxc","text":"xx","level":"info","message":"Created message"}
{"id":"1e3d3717-ce0c-4331-a832-ebf3415f0db6","author":"xxc","text":"xx","level":"info","message":"Created message"}
{"id":"aeb7114d-52ad-4ce7-a8ee-15150b2d6139","author":"xxc","text":"xx","level":"info","message":"Created message"}
{"id":"faa3a493-4404-4537-9bba-854538ec1300","author":"xxc","text":"xx","level":"info","message":"Created message"}
{"id":"9a23d58d-cbb2-4228-91ae-0b47c7e433dc","author":"xxc","text":"xx","level":"info","message":"Created message"}
{"message":"Started listening on port 3000","level":"info"}
{"id":"57be6d27-0b74-417e-929c-5f5b6a1b4b51","author":"ccc","text":"ccc","level":"info","message":"Created message"}
{"id":"0149c83d-dd07-4e97-8e17-dbf39626eb25","author":"ccc","text":"ccc","level":"info","message":"Created message"}
{"id":"d522c67a-33c7-4a63-b016-33199ea4782a","author":"ccc","text":"ccc","level":"info","message":"Created message"}
{"id":"8f86e164-4506-4607-a1da-009787e80fb3","author":"ccc","text":"ccc","level":"info","message":"Created message"}
{"id":"2dd55ae3-4597-4a5d-9d6f-7afdbfa0b0e2","author":"ccc","text":"ccc","level":"info","message":"Created message"}
{"id":"10a4e9cb-c2a1-47ea-a2e1-037da2c9299c","author":"ccc","text":"ccc","level":"info","message":"Created message"}
{"id":"97ec46d1-5d53-4e52-adb1-bc53bf2a383c","author":"ccc","text":"ccc","level":"info","message":"Created message"}
{"id":"cb712ceb-8cd6-496a-9769-8bdb016c0a0e","author":"ccc","text":"ccc","level":"info","message":"Created message"}
{"message":"Started listening on port 3000","level":"info"}
{"message":"Started listening on port 3000","level":"info"}
{"message":"Started listening on port 3000","level":"info"}
{"message":"Started listening on port 3000","level":"info"}
{"message":"Started listening on port 3000","level":"info"}
{"message":"Started listening on port 3000","level":"info"}
{"message":"Started listening on port 3000","level":"info"}
{"message":"Started listening on port 3000","level":"info"}
{"id":"493592d5-9df1-4cfa-87b9-3099c4c1f185","text":"","level":"info","message":"Created message"}
{"id":"9458b7e3-9cfe-4867-95a5-ab71c00b1002","text":"","level":"info","message":"Created message"}
{"message":"Started listening on port 3000","level":"info"}
